<?xml version="1.0" encoding="UTF-8"?>
<!-- Generated by org.testng.reporters.JUnitXMLReporter -->
<testsuite hostname="MSIPraveen" failures="0" tests="6" name="Default test" time="15.445" errors="0" timestamp="18 Mar 2024 10:16:53 GMT">
  <testcase classname="SauceDemoSeleniumProject.SauceDemo" name="Login" time="0.837"/>
  <testcase classname="SauceDemoSeleniumProject.SauceDemo" name="AddToCart" time="0.378"/>
  <testcase classname="SauceDemoSeleniumProject.SauceDemo" name="GoToCart" time="0.181"/>
  <testcase classname="SauceDemoSeleniumProject.SauceDemo" name="Checkout" time="0.168"/>
  <testcase classname="SauceDemoSeleniumProject.SauceDemo" name="CheckOutDetails" time="1.02"/>
  <testcase classname="SauceDemoSeleniumProject.SauceDemo" name="ScreenShot" time="0.344"/>
</testsuite> <!-- Default test -->
